2025-03-28 08:53:11,023 INFO o.h.v.i.u.Version {<clinit>} [background-preinit] HV000001: Hibernate Validator 8.0.1.Final
2025-03-28 08:53:11,458 INFO o.s.b.StartupInfoLogger {logStarting} [main] Starting RestaurantReservationAaApplicationTests using Java 21.0.2 with PID 1224 (started by jaimebermejo in /Users/jaimebermejo/IdeaProjects/RestaurantReservationAA)
2025-03-28 08:53:11,463 INFO o.s.b.SpringApplication {logStartupProfileInfo} [main] No active profile set, falling back to 1 default profile: "default"
2025-03-28 08:53:17,461 INFO o.s.d.r.c.RepositoryConfigurationDelegate {registerRepositoriesIn} [main] Bootstrapping Spring Data JPA repositories in DEFAULT mode.
2025-03-28 08:53:18,471 INFO o.s.d.r.c.RepositoryConfigurationDelegate {registerRepositoriesIn} [main] Finished Spring Data repository scanning in 687 ms. Found 5 JPA repository interfaces.
2025-03-28 08:53:25,976 INFO o.h.j.i.u.LogHelper {logPersistenceUnitInformation} [main] HHH000204: Processing PersistenceUnitInfo [name: default]
2025-03-28 08:53:26,495 INFO o.h.Version {logVersion} [main] HHH000412: Hibernate ORM core version 6.5.3.Final
2025-03-28 08:53:26,862 INFO o.h.c.i.RegionFactoryInitiator {initiateService} [main] HHH000026: Second-level cache disabled
2025-03-28 08:53:30,764 INFO o.s.o.j.p.SpringPersistenceUnitInfo {addTransformer} [main] No LoadTimeWeaver setup: ignoring JPA class transformer
2025-03-28 08:53:31,141 INFO c.z.h.HikariDataSource {getConnection} [main] HikariPool-1 - Starting...
2025-03-28 08:53:32,502 INFO c.z.h.p.HikariPool {checkFailFast} [main] HikariPool-1 - Added connection conn0: url=jdbc:h2:mem:testdb user=SA
2025-03-28 08:53:32,505 INFO c.z.h.HikariDataSource {getConnection} [main] HikariPool-1 - Start completed.
2025-03-28 08:53:32,771 WARN o.h.e.j.d.i.DialectFactoryImpl {constructDialect} [main] HHH90000025: H2Dialect does not need to be specified explicitly using 'hibernate.dialect' (remove the property setting and it will be selected by default)
2025-03-28 08:53:40,820 INFO o.h.e.t.j.p.i.JtaPlatformInitiator {initiateService} [main] HHH000489: No JTA platform available (set 'hibernate.transaction.jta.platform' to enable JTA platform integration)
2025-03-28 08:53:41,081 INFO o.s.o.j.AbstractEntityManagerFactoryBean {buildNativeEntityManagerFactory} [main] Initialized JPA EntityManagerFactory for persistence unit 'default'
2025-03-28 08:53:42,472 INFO o.s.d.j.r.q.QueryEnhancerFactory {<clinit>} [main] Hibernate is in classpath; If applicable, HQL parser will be used.
2025-03-28 08:53:48,229 WARN o.s.b.a.o.j.JpaBaseConfiguration$JpaWebConfiguration {openEntityManagerInViewInterceptor} [main] spring.jpa.open-in-view is enabled by default. Therefore, database queries may be performed during view rendering. Explicitly configure spring.jpa.open-in-view to disable this warning
2025-03-28 08:53:51,006 INFO o.s.b.a.h.H2ConsoleAutoConfiguration {logDataSources} [main] H2 console available at '/h2-console'. Database available at 'jdbc:h2:mem:testdb'
2025-03-28 08:53:51,605 INFO o.s.b.StartupInfoLogger {logStarted} [main] Started RestaurantReservationAaApplicationTests in 41.322 seconds (process running for 44.266)
2025-03-28 08:53:58,379 INFO o.s.o.j.AbstractEntityManagerFactoryBean {destroy} [SpringApplicationShutdownHook] Closing JPA EntityManagerFactory for persistence unit 'default'
2025-03-28 08:53:58,397 INFO c.z.h.HikariDataSource {close} [SpringApplicationShutdownHook] HikariPool-1 - Shutdown initiated...
2025-03-28 08:53:58,406 INFO c.z.h.HikariDataSource {close} [SpringApplicationShutdownHook] HikariPool-1 - Shutdown completed.
2025-03-28 08:55:32,791 INFO o.h.v.i.u.Version {<clinit>} [background-preinit] HV000001: Hibernate Validator 8.0.1.Final
2025-03-28 08:55:33,211 INFO o.s.b.StartupInfoLogger {logStarting} [main] Starting RestaurantReservationAaApplicationTests using Java 21.0.2 with PID 1303 (started by jaimebermejo in /Users/jaimebermejo/IdeaProjects/RestaurantReservationAA)
2025-03-28 08:55:33,213 INFO o.s.b.SpringApplication {logStartupProfileInfo} [main] No active profile set, falling back to 1 default profile: "default"
2025-03-28 08:55:39,576 INFO o.s.d.r.c.RepositoryConfigurationDelegate {registerRepositoriesIn} [main] Bootstrapping Spring Data JPA repositories in DEFAULT mode.
2025-03-28 08:55:39,933 INFO o.s.d.r.c.RepositoryConfigurationDelegate {registerRepositoriesIn} [main] Finished Spring Data repository scanning in 324 ms. Found 5 JPA repository interfaces.
2025-03-28 08:55:41,525 INFO o.h.j.i.u.LogHelper {logPersistenceUnitInformation} [main] HHH000204: Processing PersistenceUnitInfo [name: default]
2025-03-28 08:55:41,789 INFO o.h.Version {logVersion} [main] HHH000412: Hibernate ORM core version 6.5.3.Final
2025-03-28 08:55:41,963 INFO o.h.c.i.RegionFactoryInitiator {initiateService} [main] HHH000026: Second-level cache disabled
2025-03-28 08:55:44,092 INFO o.s.o.j.p.SpringPersistenceUnitInfo {addTransformer} [main] No LoadTimeWeaver setup: ignoring JPA class transformer
2025-03-28 08:55:44,227 INFO c.z.h.HikariDataSource {getConnection} [main] HikariPool-1 - Starting...
2025-03-28 08:55:45,459 INFO c.z.h.p.HikariPool {checkFailFast} [main] HikariPool-1 - Added connection conn0: url=jdbc:h2:mem:testdb user=SA
2025-03-28 08:55:45,467 INFO c.z.h.HikariDataSource {getConnection} [main] HikariPool-1 - Start completed.
2025-03-28 08:55:45,786 WARN o.h.e.j.d.i.DialectFactoryImpl {constructDialect} [main] HHH90000025: H2Dialect does not need to be specified explicitly using 'hibernate.dialect' (remove the property setting and it will be selected by default)
2025-03-28 08:55:55,040 INFO o.h.e.t.j.p.i.JtaPlatformInitiator {initiateService} [main] HHH000489: No JTA platform available (set 'hibernate.transaction.jta.platform' to enable JTA platform integration)
2025-03-28 08:55:55,230 INFO o.s.o.j.AbstractEntityManagerFactoryBean {buildNativeEntityManagerFactory} [main] Initialized JPA EntityManagerFactory for persistence unit 'default'
2025-03-28 08:55:56,896 INFO o.s.d.j.r.q.QueryEnhancerFactory {<clinit>} [main] Hibernate is in classpath; If applicable, HQL parser will be used.
2025-03-28 08:56:00,545 WARN o.s.b.a.o.j.JpaBaseConfiguration$JpaWebConfiguration {openEntityManagerInViewInterceptor} [main] spring.jpa.open-in-view is enabled by default. Therefore, database queries may be performed during view rendering. Explicitly configure spring.jpa.open-in-view to disable this warning
2025-03-28 08:56:01,465 INFO o.s.b.a.h.H2ConsoleAutoConfiguration {logDataSources} [main] H2 console available at '/h2-console'. Database available at 'jdbc:h2:mem:testdb'
2025-03-28 08:56:01,642 INFO o.s.b.StartupInfoLogger {logStarted} [main] Started RestaurantReservationAaApplicationTests in 30.228 seconds (process running for 32.885)
2025-03-28 08:56:05,464 INFO o.s.o.j.AbstractEntityManagerFactoryBean {destroy} [SpringApplicationShutdownHook] Closing JPA EntityManagerFactory for persistence unit 'default'
2025-03-28 08:56:05,483 INFO c.z.h.HikariDataSource {close} [SpringApplicationShutdownHook] HikariPool-1 - Shutdown initiated...
2025-03-28 08:56:05,489 INFO c.z.h.HikariDataSource {close} [SpringApplicationShutdownHook] HikariPool-1 - Shutdown completed.
