2024-12-23 07:30:24,534 WARN c.z.h.p.HikariPool$HouseKeeper {run} [HikariPool-1 housekeeper] HikariPool-1 - Thread starvation or clock leap detected (housekeeper delta=1d17h56m35s439ms).
2024-12-23 16:44:17,470 WARN c.z.h.p.HikariPool$HouseKeeper {run} [HikariPool-1 housekeeper] HikariPool-1 - Thread starvation or clock leap detected (housekeeper delta=9h13m52s972ms).
2024-12-23 16:52:52,637 WARN c.z.h.p.HikariPool$HouseKeeper {run} [HikariPool-1 housekeeper] HikariPool-1 - Retrograde clock change detected (housekeeper delta=28s975ms), soft-evicting connections from pool.
2024-12-23 16:58:55,038 INFO o.s.o.j.AbstractEntityManagerFactoryBean {destroy} [SpringApplicationShutdownHook] Closing JPA EntityManagerFactory for persistence unit 'default'
2024-12-23 16:58:55,301 INFO c.z.h.HikariDataSource {close} [SpringApplicationShutdownHook] HikariPool-1 - Shutdown initiated...
2024-12-23 16:58:55,356 INFO c.z.h.HikariDataSource {close} [SpringApplicationShutdownHook] HikariPool-1 - Shutdown completed.
2024-12-23 16:59:31,282 INFO o.s.b.StartupInfoLogger {logStarting} [restartedMain] Starting RestaurantReservationAaApplication using Java 21.0.2 with PID 53624 (/Users/jaimebermejo/IdeaProjects/RestaurantReservationAA/target/classes started by jaimebermejo in /Users/jaimebermejo/IdeaProjects/RestaurantReservationAA)
2024-12-23 16:59:31,285 INFO o.s.b.SpringApplication {logStartupProfileInfo} [restartedMain] No active profile set, falling back to 1 default profile: "default"
2024-12-23 16:59:31,398 INFO o.s.b.l.DeferredLog {logTo} [restartedMain] Devtools property defaults active! Set 'spring.devtools.add-properties' to 'false' to disable
2024-12-23 16:59:31,400 INFO o.s.b.l.DeferredLog {logTo} [restartedMain] For additional web related logging consider setting the 'logging.level.web' property to 'DEBUG'
2024-12-23 16:59:32,847 INFO o.s.d.r.c.RepositoryConfigurationDelegate {registerRepositoriesIn} [restartedMain] Bootstrapping Spring Data JPA repositories in DEFAULT mode.
2024-12-23 16:59:33,271 INFO o.s.d.r.c.RepositoryConfigurationDelegate {registerRepositoriesIn} [restartedMain] Finished Spring Data repository scanning in 226 ms. Found 5 JPA repository interfaces.
2024-12-23 16:59:34,774 INFO o.s.b.w.e.t.TomcatWebServer {initialize} [restartedMain] Tomcat initialized with port 8080 (http)
2024-12-23 16:59:34,809 INFO o.a.j.l.DirectJDKLog {log} [restartedMain] Initializing ProtocolHandler ["http-nio-0.0.0.0-8080"]
2024-12-23 16:59:34,819 INFO o.a.j.l.DirectJDKLog {log} [restartedMain] Starting service [Tomcat]
2024-12-23 16:59:34,824 INFO o.a.j.l.DirectJDKLog {log} [restartedMain] Starting Servlet engine: [Apache Tomcat/10.1.31]
2024-12-23 16:59:34,944 INFO o.a.j.l.DirectJDKLog {log} [restartedMain] Initializing Spring embedded WebApplicationContext
2024-12-23 16:59:34,946 INFO o.s.b.w.s.c.ServletWebServerApplicationContext {prepareWebApplicationContext} [restartedMain] Root WebApplicationContext: initialization completed in 3543 ms
2024-12-23 16:59:35,188 INFO c.z.h.HikariDataSource {getConnection} [restartedMain] HikariPool-1 - Starting...
2024-12-23 16:59:36,246 INFO c.z.h.p.HikariPool {checkFailFast} [restartedMain] HikariPool-1 - Added connection conn0: url=jdbc:h2:file:~/restaurant.db user=SA
2024-12-23 16:59:36,258 INFO c.z.h.HikariDataSource {getConnection} [restartedMain] HikariPool-1 - Start completed.
2024-12-23 16:59:36,304 INFO o.s.b.a.h.H2ConsoleAutoConfiguration {logDataSources} [restartedMain] H2 console available at '/h2-console'. Database available at 'jdbc:h2:file:~/restaurant.db'
2024-12-23 16:59:37,071 INFO o.h.j.i.u.LogHelper {logPersistenceUnitInformation} [restartedMain] HHH000204: Processing PersistenceUnitInfo [name: default]
2024-12-23 16:59:37,285 INFO o.h.Version {logVersion} [restartedMain] HHH000412: Hibernate ORM core version 6.5.3.Final
2024-12-23 16:59:37,409 INFO o.h.c.i.RegionFactoryInitiator {initiateService} [restartedMain] HHH000026: Second-level cache disabled
2024-12-23 16:59:39,901 INFO o.s.o.j.p.SpringPersistenceUnitInfo {addTransformer} [restartedMain] No LoadTimeWeaver setup: ignoring JPA class transformer
2024-12-23 16:59:40,606 WARN o.h.e.j.d.i.DialectFactoryImpl {constructDialect} [restartedMain] HHH90000025: H2Dialect does not need to be specified explicitly using 'hibernate.dialect' (remove the property setting and it will be selected by default)
2024-12-23 16:59:44,156 INFO o.h.e.t.j.p.i.JtaPlatformInitiator {initiateService} [restartedMain] HHH000489: No JTA platform available (set 'hibernate.transaction.jta.platform' to enable JTA platform integration)
2024-12-23 16:59:44,255 INFO o.s.o.j.AbstractEntityManagerFactoryBean {buildNativeEntityManagerFactory} [restartedMain] Initialized JPA EntityManagerFactory for persistence unit 'default'
2024-12-23 16:59:45,231 WARN o.s.b.a.o.j.JpaBaseConfiguration$JpaWebConfiguration {openEntityManagerInViewInterceptor} [restartedMain] spring.jpa.open-in-view is enabled by default. Therefore, database queries may be performed during view rendering. Explicitly configure spring.jpa.open-in-view to disable this warning
2024-12-23 16:59:46,698 INFO o.s.b.d.a.OptionalLiveReloadServer {startServer} [restartedMain] LiveReload server is running on port 35729
2024-12-23 16:59:46,764 INFO o.a.j.l.DirectJDKLog {log} [restartedMain] Starting ProtocolHandler ["http-nio-0.0.0.0-8080"]
2024-12-23 16:59:46,887 INFO o.s.b.w.e.t.TomcatWebServer {start} [restartedMain] Tomcat started on port 8080 (http) with context path '/'
2024-12-23 16:59:46,947 INFO o.s.b.StartupInfoLogger {logStarted} [restartedMain] Started RestaurantReservationAaApplication in 16.559 seconds (process running for 17.334)
2024-12-23 17:00:46,305 INFO o.a.j.l.DirectJDKLog {log} [http-nio-0.0.0.0-8080-exec-2] Initializing Spring DispatcherServlet 'dispatcherServlet'
2024-12-23 17:00:46,347 INFO o.s.w.s.FrameworkServlet {initServletBean} [http-nio-0.0.0.0-8080-exec-2] Initializing Servlet 'dispatcherServlet'
2024-12-23 17:00:46,531 INFO o.s.w.s.FrameworkServlet {initServletBean} [http-nio-0.0.0.0-8080-exec-2] Completed initialization in 178 ms
2024-12-23 17:08:26,795 WARN c.z.h.p.HikariPool$HouseKeeper {run} [HikariPool-1 housekeeper] HikariPool-1 - Retrograde clock change detected (housekeeper delta=20s321ms), soft-evicting connections from pool.
2024-12-23 18:00:57,307 WARN c.z.h.p.HikariPool$HouseKeeper {run} [HikariPool-1 housekeeper] HikariPool-1 - Retrograde clock change detected (housekeeper delta=29s871ms), soft-evicting connections from pool.
2024-12-23 18:04:48,219 WARN c.z.h.p.HikariPool$HouseKeeper {run} [HikariPool-1 housekeeper] HikariPool-1 - Thread starvation or clock leap detected (housekeeper delta=3m50s928ms).
2024-12-23 18:31:30,569 WARN c.z.h.p.HikariPool$HouseKeeper {run} [HikariPool-1 housekeeper] HikariPool-1 - Thread starvation or clock leap detected (housekeeper delta=26m12s341ms).
2024-12-23 18:34:35,073 WARN c.z.h.p.HikariPool$HouseKeeper {run} [HikariPool-1 housekeeper] HikariPool-1 - Thread starvation or clock leap detected (housekeeper delta=3m4s506ms).
2024-12-23 19:32:08,375 WARN c.z.h.p.HikariPool$HouseKeeper {run} [HikariPool-1 housekeeper] HikariPool-1 - Thread starvation or clock leap detected (housekeeper delta=33m33s101ms).
2024-12-23 19:54:46,583 WARN c.z.h.p.HikariPool$HouseKeeper {run} [HikariPool-1 housekeeper] HikariPool-1 - Thread starvation or clock leap detected (housekeeper delta=7m37s376ms).
2024-12-23 19:55:15,948 WARN c.z.h.p.HikariPool$HouseKeeper {run} [HikariPool-1 housekeeper] HikariPool-1 - Retrograde clock change detected (housekeeper delta=29s392ms), soft-evicting connections from pool.
2024-12-23 20:36:19,524 WARN c.z.h.p.HikariPool$HouseKeeper {run} [HikariPool-1 housekeeper] HikariPool-1 - Thread starvation or clock leap detected (housekeeper delta=41m3s576ms).
2024-12-23 21:29:59,694 WARN c.z.h.p.HikariPool$HouseKeeper {run} [HikariPool-1 housekeeper] HikariPool-1 - Thread starvation or clock leap detected (housekeeper delta=53m40s169ms).
2024-12-23 21:30:29,410 WARN c.z.h.p.HikariPool$HouseKeeper {run} [HikariPool-1 housekeeper] HikariPool-1 - Retrograde clock change detected (housekeeper delta=29s717ms), soft-evicting connections from pool.
2024-12-23 22:24:11,484 WARN c.z.h.p.HikariPool$HouseKeeper {run} [HikariPool-1 housekeeper] HikariPool-1 - Thread starvation or clock leap detected (housekeeper delta=53m42s74ms).
2024-12-23 23:18:22,408 WARN c.z.h.p.HikariPool$HouseKeeper {run} [HikariPool-1 housekeeper] HikariPool-1 - Thread starvation or clock leap detected (housekeeper delta=53m40s466ms).
