2025-01-21 14:40:08,829 INFO o.s.b.StartupInfoLogger {logStarting} [restartedMain] Starting RestaurantReservationAaApplication using Java 21.0.2 with PID 4338 (/Users/jaimebermejo/IdeaProjects/RestaurantReservationAA/target/classes started by jaimebermejo in /Users/jaimebermejo/IdeaProjects/RestaurantReservationAA)
2025-01-21 14:40:08,833 INFO o.s.b.SpringApplication {logStartupProfileInfo} [restartedMain] No active profile set, falling back to 1 default profile: "default"
2025-01-21 14:40:08,923 INFO o.s.b.l.DeferredLog {logTo} [restartedMain] Devtools property defaults active! Set 'spring.devtools.add-properties' to 'false' to disable
2025-01-21 14:40:08,924 INFO o.s.b.l.DeferredLog {logTo} [restartedMain] For additional web related logging consider setting the 'logging.level.web' property to 'DEBUG'
2025-01-21 14:40:09,791 INFO o.s.d.r.c.RepositoryConfigurationDelegate {registerRepositoriesIn} [restartedMain] Bootstrapping Spring Data JPA repositories in DEFAULT mode.
2025-01-21 14:40:09,898 INFO o.s.d.r.c.RepositoryConfigurationDelegate {registerRepositoriesIn} [restartedMain] Finished Spring Data repository scanning in 87 ms. Found 5 JPA repository interfaces.
2025-01-21 14:40:10,660 INFO o.s.b.w.e.t.TomcatWebServer {initialize} [restartedMain] Tomcat initialized with port 8080 (http)
2025-01-21 14:40:10,689 INFO o.a.j.l.DirectJDKLog {log} [restartedMain] Initializing ProtocolHandler ["http-nio-0.0.0.0-8080"]
2025-01-21 14:40:10,708 INFO o.a.j.l.DirectJDKLog {log} [restartedMain] Starting service [Tomcat]
2025-01-21 14:40:10,709 INFO o.a.j.l.DirectJDKLog {log} [restartedMain] Starting Servlet engine: [Apache Tomcat/10.1.31]
2025-01-21 14:40:10,803 INFO o.a.j.l.DirectJDKLog {log} [restartedMain] Initializing Spring embedded WebApplicationContext
2025-01-21 14:40:10,809 INFO o.s.b.w.s.c.ServletWebServerApplicationContext {prepareWebApplicationContext} [restartedMain] Root WebApplicationContext: initialization completed in 1879 ms
2025-01-21 14:40:10,903 INFO c.z.h.HikariDataSource {getConnection} [restartedMain] HikariPool-1 - Starting...
2025-01-21 14:40:11,405 INFO c.z.h.p.HikariPool {checkFailFast} [restartedMain] HikariPool-1 - Added connection conn0: url=jdbc:h2:file:~/restaurant.db user=SA
2025-01-21 14:40:11,408 INFO c.z.h.HikariDataSource {getConnection} [restartedMain] HikariPool-1 - Start completed.
2025-01-21 14:40:11,431 INFO o.s.b.a.h.H2ConsoleAutoConfiguration {logDataSources} [restartedMain] H2 console available at '/h2-console'. Database available at 'jdbc:h2:file:~/restaurant.db'
2025-01-21 14:40:11,625 INFO o.h.j.i.u.LogHelper {logPersistenceUnitInformation} [restartedMain] HHH000204: Processing PersistenceUnitInfo [name: default]
2025-01-21 14:40:11,824 INFO o.h.Version {logVersion} [restartedMain] HHH000412: Hibernate ORM core version 6.5.3.Final
2025-01-21 14:40:11,972 INFO o.h.c.i.RegionFactoryInitiator {initiateService} [restartedMain] HHH000026: Second-level cache disabled
2025-01-21 14:40:12,500 INFO o.s.o.j.p.SpringPersistenceUnitInfo {addTransformer} [restartedMain] No LoadTimeWeaver setup: ignoring JPA class transformer
2025-01-21 14:40:12,584 WARN o.h.e.j.d.i.DialectFactoryImpl {constructDialect} [restartedMain] HHH90000025: H2Dialect does not need to be specified explicitly using 'hibernate.dialect' (remove the property setting and it will be selected by default)
2025-01-21 14:40:14,011 INFO o.h.e.t.j.p.i.JtaPlatformInitiator {initiateService} [restartedMain] HHH000489: No JTA platform available (set 'hibernate.transaction.jta.platform' to enable JTA platform integration)
2025-01-21 14:40:14,114 INFO o.s.o.j.AbstractEntityManagerFactoryBean {buildNativeEntityManagerFactory} [restartedMain] Initialized JPA EntityManagerFactory for persistence unit 'default'
2025-01-21 14:40:14,679 INFO o.s.d.j.r.q.QueryEnhancerFactory {<clinit>} [restartedMain] Hibernate is in classpath; If applicable, HQL parser will be used.
2025-01-21 14:40:15,378 WARN o.s.b.a.o.j.JpaBaseConfiguration$JpaWebConfiguration {openEntityManagerInViewInterceptor} [restartedMain] spring.jpa.open-in-view is enabled by default. Therefore, database queries may be performed during view rendering. Explicitly configure spring.jpa.open-in-view to disable this warning
2025-01-21 14:40:15,947 INFO o.s.b.d.a.OptionalLiveReloadServer {startServer} [restartedMain] LiveReload server is running on port 35729
2025-01-21 14:40:15,979 INFO o.a.j.l.DirectJDKLog {log} [restartedMain] Starting ProtocolHandler ["http-nio-0.0.0.0-8080"]
2025-01-21 14:40:16,010 INFO o.s.b.w.e.t.TomcatWebServer {start} [restartedMain] Tomcat started on port 8080 (http) with context path '/'
2025-01-21 14:40:16,032 INFO o.s.b.StartupInfoLogger {logStarted} [restartedMain] Started RestaurantReservationAaApplication in 8.039 seconds (process running for 8.813)
2025-01-21 14:44:42,538 INFO o.a.j.l.DirectJDKLog {log} [http-nio-0.0.0.0-8080-exec-2] Initializing Spring DispatcherServlet 'dispatcherServlet'
2025-01-21 14:44:42,541 INFO o.s.w.s.FrameworkServlet {initServletBean} [http-nio-0.0.0.0-8080-exec-2] Initializing Servlet 'dispatcherServlet'
2025-01-21 14:44:42,546 INFO o.s.w.s.FrameworkServlet {initServletBean} [http-nio-0.0.0.0-8080-exec-2] Completed initialization in 5 ms
2025-01-21 14:48:44,463 ERROR c.e.r.c.CustomerController {handleException} [http-nio-0.0.0.0-8080-exec-2] Method parameter 'date': Failed to convert value of type 'java.lang.String' to required type 'java.util.Date'; Failed to convert from type [java.lang.String] to type [@org.springframework.web.bind.annotation.RequestParam java.util.Date] for value [null]
org.springframework.web.method.annotation.MethodArgumentTypeMismatchException: Method parameter 'date': Failed to convert value of type 'java.lang.String' to required type 'java.util.Date'; Failed to convert from type [java.lang.String] to type [@org.springframework.web.bind.annotation.RequestParam java.util.Date] for value [null]
	at org.springframework.web.method.annotation.AbstractNamedValueMethodArgumentResolver.convertIfNecessary(AbstractNamedValueMethodArgumentResolver.java:301)
	at org.springframework.web.method.annotation.AbstractNamedValueMethodArgumentResolver.resolveArgument(AbstractNamedValueMethodArgumentResolver.java:136)
	at org.springframework.web.method.support.HandlerMethodArgumentResolverComposite.resolveArgument(HandlerMethodArgumentResolverComposite.java:122)
	at org.springframework.web.method.support.InvocableHandlerMethod.getMethodArgumentValues(InvocableHandlerMethod.java:224)
	at org.springframework.web.method.support.InvocableHandlerMethod.invokeForRequest(InvocableHandlerMethod.java:178)
	at org.springframework.web.servlet.mvc.method.annotation.ServletInvocableHandlerMethod.invokeAndHandle(ServletInvocableHandlerMethod.java:118)
	at org.springframework.web.servlet.mvc.method.annotation.RequestMappingHandlerAdapter.invokeHandlerMethod(RequestMappingHandlerAdapter.java:926)
	at org.springframework.web.servlet.mvc.method.annotation.RequestMappingHandlerAdapter.handleInternal(RequestMappingHandlerAdapter.java:831)
	at org.springframework.web.servlet.mvc.method.AbstractHandlerMethodAdapter.handle(AbstractHandlerMethodAdapter.java:87)
	at org.springframework.web.servlet.DispatcherServlet.doDispatch(DispatcherServlet.java:1089)
	at org.springframework.web.servlet.DispatcherServlet.doService(DispatcherServlet.java:979)
	at org.springframework.web.servlet.FrameworkServlet.processRequest(FrameworkServlet.java:1014)
	at org.springframework.web.servlet.FrameworkServlet.doGet(FrameworkServlet.java:903)
	at jakarta.servlet.http.HttpServlet.service(HttpServlet.java:564)
	at org.springframework.web.servlet.FrameworkServlet.service(FrameworkServlet.java:885)
	at jakarta.servlet.http.HttpServlet.service(HttpServlet.java:658)
	at org.apache.catalina.core.ApplicationFilterChain.internalDoFilter(ApplicationFilterChain.java:195)
	at org.apache.catalina.core.ApplicationFilterChain.doFilter(ApplicationFilterChain.java:140)
	at org.apache.tomcat.websocket.server.WsFilter.doFilter(WsFilter.java:51)
	at org.apache.catalina.core.ApplicationFilterChain.internalDoFilter(ApplicationFilterChain.java:164)
	at org.apache.catalina.core.ApplicationFilterChain.doFilter(ApplicationFilterChain.java:140)
	at org.springframework.web.filter.RequestContextFilter.doFilterInternal(RequestContextFilter.java:100)
	at org.springframework.web.filter.OncePerRequestFilter.doFilter(OncePerRequestFilter.java:116)
	at org.apache.catalina.core.ApplicationFilterChain.internalDoFilter(ApplicationFilterChain.java:164)
	at org.apache.catalina.core.ApplicationFilterChain.doFilter(ApplicationFilterChain.java:140)
	at org.springframework.web.filter.FormContentFilter.doFilterInternal(FormContentFilter.java:93)
	at org.springframework.web.filter.OncePerRequestFilter.doFilter(OncePerRequestFilter.java:116)
	at org.apache.catalina.core.ApplicationFilterChain.internalDoFilter(ApplicationFilterChain.java:164)
	at org.apache.catalina.core.ApplicationFilterChain.doFilter(ApplicationFilterChain.java:140)
	at org.springframework.web.filter.CharacterEncodingFilter.doFilterInternal(CharacterEncodingFilter.java:201)
	at org.springframework.web.filter.OncePerRequestFilter.doFilter(OncePerRequestFilter.java:116)
	at org.apache.catalina.core.ApplicationFilterChain.internalDoFilter(ApplicationFilterChain.java:164)
	at org.apache.catalina.core.ApplicationFilterChain.doFilter(ApplicationFilterChain.java:140)
	at org.apache.catalina.core.StandardWrapperValve.invoke(StandardWrapperValve.java:167)
	at org.apache.catalina.core.StandardContextValve.invoke(StandardContextValve.java:90)
	at org.apache.catalina.authenticator.AuthenticatorBase.invoke(AuthenticatorBase.java:483)
	at org.apache.catalina.core.StandardHostValve.invoke(StandardHostValve.java:115)
	at org.apache.catalina.valves.ErrorReportValve.invoke(ErrorReportValve.java:93)
	at org.apache.catalina.core.StandardEngineValve.invoke(StandardEngineValve.java:74)
	at org.apache.catalina.connector.CoyoteAdapter.service(CoyoteAdapter.java:344)
	at org.apache.coyote.http11.Http11Processor.service(Http11Processor.java:384)
	at org.apache.coyote.AbstractProcessorLight.process(AbstractProcessorLight.java:63)
	at org.apache.coyote.AbstractProtocol$ConnectionHandler.process(AbstractProtocol.java:905)
	at org.apache.tomcat.util.net.NioEndpoint$SocketProcessor.doRun(NioEndpoint.java:1741)
	at org.apache.tomcat.util.net.SocketProcessorBase.run(SocketProcessorBase.java:52)
	at org.apache.tomcat.util.threads.ThreadPoolExecutor.runWorker(ThreadPoolExecutor.java:1190)
	at org.apache.tomcat.util.threads.ThreadPoolExecutor$Worker.run(ThreadPoolExecutor.java:659)
	at org.apache.tomcat.util.threads.TaskThread$WrappingRunnable.run(TaskThread.java:63)
	at java.base/java.lang.Thread.run(Thread.java:1583)
Caused by: org.springframework.core.convert.ConversionFailedException: Failed to convert from type [java.lang.String] to type [@org.springframework.web.bind.annotation.RequestParam java.util.Date] for value [null]
	at org.springframework.core.convert.support.ObjectToObjectConverter.convert(ObjectToObjectConverter.java:117)
	at org.springframework.core.convert.support.ConversionUtils.invokeConverter(ConversionUtils.java:41)
	at org.springframework.core.convert.support.GenericConversionService.convert(GenericConversionService.java:182)
	at org.springframework.beans.TypeConverterDelegate.convertIfNecessary(TypeConverterDelegate.java:131)
	at org.springframework.beans.TypeConverterSupport.convertIfNecessary(TypeConverterSupport.java:80)
	at org.springframework.beans.TypeConverterSupport.convertIfNecessary(TypeConverterSupport.java:53)
	at org.springframework.validation.DataBinder.convertIfNecessary(DataBinder.java:862)
	at org.springframework.web.method.annotation.AbstractNamedValueMethodArgumentResolver.convertIfNecessary(AbstractNamedValueMethodArgumentResolver.java:293)
	... 48 common frames omitted
Caused by: java.lang.IllegalArgumentException: null
	at java.base/java.util.Date.parse(Date.java:616)
	at java.base/java.util.Date.<init>(Date.java:272)
	at java.base/jdk.internal.reflect.DirectConstructorHandleAccessor.newInstance(DirectConstructorHandleAccessor.java:62)
	at java.base/java.lang.reflect.Constructor.newInstanceWithCaller(Constructor.java:502)
	at java.base/java.lang.reflect.Constructor.newInstance(Constructor.java:486)
	at org.springframework.core.convert.support.ObjectToObjectConverter.convert(ObjectToObjectConverter.java:113)
	... 55 common frames omitted
2025-01-21 14:48:44,738 WARN o.s.w.s.h.AbstractHandlerExceptionResolver {logException} [http-nio-0.0.0.0-8080-exec-2] Resolved [org.springframework.web.method.annotation.MethodArgumentTypeMismatchException: Method parameter 'date': Failed to convert value of type 'java.lang.String' to required type 'java.util.Date'; Failed to convert from type [java.lang.String] to type [@org.springframework.web.bind.annotation.RequestParam java.util.Date] for value [null]]
2025-01-21 14:50:04,896 ERROR c.e.r.c.CustomerController {handleException} [http-nio-0.0.0.0-8080-exec-6] Required request parameter 'date' for method parameter type Date is not present
org.springframework.web.bind.MissingServletRequestParameterException: Required request parameter 'date' for method parameter type Date is not present
	at org.springframework.web.method.annotation.RequestParamMethodArgumentResolver.handleMissingValueInternal(RequestParamMethodArgumentResolver.java:220)
	at org.springframework.web.method.annotation.RequestParamMethodArgumentResolver.handleMissingValue(RequestParamMethodArgumentResolver.java:196)
	at org.springframework.web.method.annotation.AbstractNamedValueMethodArgumentResolver.resolveArgument(AbstractNamedValueMethodArgumentResolver.java:125)
	at org.springframework.web.method.support.HandlerMethodArgumentResolverComposite.resolveArgument(HandlerMethodArgumentResolverComposite.java:122)
	at org.springframework.web.method.support.InvocableHandlerMethod.getMethodArgumentValues(InvocableHandlerMethod.java:224)
	at org.springframework.web.method.support.InvocableHandlerMethod.invokeForRequest(InvocableHandlerMethod.java:178)
	at org.springframework.web.servlet.mvc.method.annotation.ServletInvocableHandlerMethod.invokeAndHandle(ServletInvocableHandlerMethod.java:118)
	at org.springframework.web.servlet.mvc.method.annotation.RequestMappingHandlerAdapter.invokeHandlerMethod(RequestMappingHandlerAdapter.java:926)
	at org.springframework.web.servlet.mvc.method.annotation.RequestMappingHandlerAdapter.handleInternal(RequestMappingHandlerAdapter.java:831)
	at org.springframework.web.servlet.mvc.method.AbstractHandlerMethodAdapter.handle(AbstractHandlerMethodAdapter.java:87)
	at org.springframework.web.servlet.DispatcherServlet.doDispatch(DispatcherServlet.java:1089)
	at org.springframework.web.servlet.DispatcherServlet.doService(DispatcherServlet.java:979)
	at org.springframework.web.servlet.FrameworkServlet.processRequest(FrameworkServlet.java:1014)
	at org.springframework.web.servlet.FrameworkServlet.doGet(FrameworkServlet.java:903)
	at jakarta.servlet.http.HttpServlet.service(HttpServlet.java:564)
	at org.springframework.web.servlet.FrameworkServlet.service(FrameworkServlet.java:885)
	at jakarta.servlet.http.HttpServlet.service(HttpServlet.java:658)
	at org.apache.catalina.core.ApplicationFilterChain.internalDoFilter(ApplicationFilterChain.java:195)
	at org.apache.catalina.core.ApplicationFilterChain.doFilter(ApplicationFilterChain.java:140)
	at org.apache.tomcat.websocket.server.WsFilter.doFilter(WsFilter.java:51)
	at org.apache.catalina.core.ApplicationFilterChain.internalDoFilter(ApplicationFilterChain.java:164)
	at org.apache.catalina.core.ApplicationFilterChain.doFilter(ApplicationFilterChain.java:140)
	at org.springframework.web.filter.RequestContextFilter.doFilterInternal(RequestContextFilter.java:100)
	at org.springframework.web.filter.OncePerRequestFilter.doFilter(OncePerRequestFilter.java:116)
	at org.apache.catalina.core.ApplicationFilterChain.internalDoFilter(ApplicationFilterChain.java:164)
	at org.apache.catalina.core.ApplicationFilterChain.doFilter(ApplicationFilterChain.java:140)
	at org.springframework.web.filter.FormContentFilter.doFilterInternal(FormContentFilter.java:93)
	at org.springframework.web.filter.OncePerRequestFilter.doFilter(OncePerRequestFilter.java:116)
	at org.apache.catalina.core.ApplicationFilterChain.internalDoFilter(ApplicationFilterChain.java:164)
	at org.apache.catalina.core.ApplicationFilterChain.doFilter(ApplicationFilterChain.java:140)
	at org.springframework.web.filter.CharacterEncodingFilter.doFilterInternal(CharacterEncodingFilter.java:201)
	at org.springframework.web.filter.OncePerRequestFilter.doFilter(OncePerRequestFilter.java:116)
	at org.apache.catalina.core.ApplicationFilterChain.internalDoFilter(ApplicationFilterChain.java:164)
	at org.apache.catalina.core.ApplicationFilterChain.doFilter(ApplicationFilterChain.java:140)
	at org.apache.catalina.core.StandardWrapperValve.invoke(StandardWrapperValve.java:167)
	at org.apache.catalina.core.StandardContextValve.invoke(StandardContextValve.java:90)
	at org.apache.catalina.authenticator.AuthenticatorBase.invoke(AuthenticatorBase.java:483)
	at org.apache.catalina.core.StandardHostValve.invoke(StandardHostValve.java:115)
	at org.apache.catalina.valves.ErrorReportValve.invoke(ErrorReportValve.java:93)
	at org.apache.catalina.core.StandardEngineValve.invoke(StandardEngineValve.java:74)
	at org.apache.catalina.connector.CoyoteAdapter.service(CoyoteAdapter.java:344)
	at org.apache.coyote.http11.Http11Processor.service(Http11Processor.java:384)
	at org.apache.coyote.AbstractProcessorLight.process(AbstractProcessorLight.java:63)
	at org.apache.coyote.AbstractProtocol$ConnectionHandler.process(AbstractProtocol.java:905)
	at org.apache.tomcat.util.net.NioEndpoint$SocketProcessor.doRun(NioEndpoint.java:1741)
	at org.apache.tomcat.util.net.SocketProcessorBase.run(SocketProcessorBase.java:52)
	at org.apache.tomcat.util.threads.ThreadPoolExecutor.runWorker(ThreadPoolExecutor.java:1190)
	at org.apache.tomcat.util.threads.ThreadPoolExecutor$Worker.run(ThreadPoolExecutor.java:659)
	at org.apache.tomcat.util.threads.TaskThread$WrappingRunnable.run(TaskThread.java:63)
	at java.base/java.lang.Thread.run(Thread.java:1583)
2025-01-21 14:50:04,968 WARN o.s.w.s.h.AbstractHandlerExceptionResolver {logException} [http-nio-0.0.0.0-8080-exec-6] Resolved [org.springframework.web.bind.MissingServletRequestParameterException: Required request parameter 'date' for method parameter type Date is not present]
2025-01-21 14:52:51,653 INFO o.s.o.j.AbstractEntityManagerFactoryBean {destroy} [SpringApplicationShutdownHook] Closing JPA EntityManagerFactory for persistence unit 'default'
2025-01-21 14:52:51,699 INFO c.z.h.HikariDataSource {close} [SpringApplicationShutdownHook] HikariPool-1 - Shutdown initiated...
2025-01-21 14:52:51,715 INFO c.z.h.HikariDataSource {close} [SpringApplicationShutdownHook] HikariPool-1 - Shutdown completed.
2025-01-21 14:53:19,197 INFO o.s.b.StartupInfoLogger {logStarting} [restartedMain] Starting RestaurantReservationAaApplication using Java 21.0.2 with PID 4575 (/Users/jaimebermejo/IdeaProjects/RestaurantReservationAA/target/classes started by jaimebermejo in /Users/jaimebermejo/IdeaProjects/RestaurantReservationAA)
2025-01-21 14:53:19,200 INFO o.s.b.SpringApplication {logStartupProfileInfo} [restartedMain] No active profile set, falling back to 1 default profile: "default"
2025-01-21 14:53:19,324 INFO o.s.b.l.DeferredLog {logTo} [restartedMain] Devtools property defaults active! Set 'spring.devtools.add-properties' to 'false' to disable
2025-01-21 14:53:19,325 INFO o.s.b.l.DeferredLog {logTo} [restartedMain] For additional web related logging consider setting the 'logging.level.web' property to 'DEBUG'
2025-01-21 14:53:20,641 INFO o.s.d.r.c.RepositoryConfigurationDelegate {registerRepositoriesIn} [restartedMain] Bootstrapping Spring Data JPA repositories in DEFAULT mode.
2025-01-21 14:53:20,887 INFO o.s.d.r.c.RepositoryConfigurationDelegate {registerRepositoriesIn} [restartedMain] Finished Spring Data repository scanning in 226 ms. Found 5 JPA repository interfaces.
2025-01-21 14:53:22,265 INFO o.s.b.w.e.t.TomcatWebServer {initialize} [restartedMain] Tomcat initialized with port 8080 (http)
2025-01-21 14:53:22,279 INFO o.a.j.l.DirectJDKLog {log} [restartedMain] Initializing ProtocolHandler ["http-nio-0.0.0.0-8080"]
2025-01-21 14:53:22,287 INFO o.a.j.l.DirectJDKLog {log} [restartedMain] Starting service [Tomcat]
2025-01-21 14:53:22,287 INFO o.a.j.l.DirectJDKLog {log} [restartedMain] Starting Servlet engine: [Apache Tomcat/10.1.31]
2025-01-21 14:53:22,345 INFO o.a.j.l.DirectJDKLog {log} [restartedMain] Initializing Spring embedded WebApplicationContext
2025-01-21 14:53:22,347 INFO o.s.b.w.s.c.ServletWebServerApplicationContext {prepareWebApplicationContext} [restartedMain] Root WebApplicationContext: initialization completed in 3019 ms
2025-01-21 14:53:22,381 INFO c.z.h.HikariDataSource {getConnection} [restartedMain] HikariPool-1 - Starting...
2025-01-21 14:53:22,759 INFO c.z.h.p.HikariPool {checkFailFast} [restartedMain] HikariPool-1 - Added connection conn0: url=jdbc:h2:file:~/restaurant.db user=SA
2025-01-21 14:53:22,762 INFO c.z.h.HikariDataSource {getConnection} [restartedMain] HikariPool-1 - Start completed.
2025-01-21 14:53:22,777 INFO o.s.b.a.h.H2ConsoleAutoConfiguration {logDataSources} [restartedMain] H2 console available at '/h2-console'. Database available at 'jdbc:h2:file:~/restaurant.db'
2025-01-21 14:53:22,940 INFO o.h.j.i.u.LogHelper {logPersistenceUnitInformation} [restartedMain] HHH000204: Processing PersistenceUnitInfo [name: default]
2025-01-21 14:53:23,017 INFO o.h.Version {logVersion} [restartedMain] HHH000412: Hibernate ORM core version 6.5.3.Final
2025-01-21 14:53:23,072 INFO o.h.c.i.RegionFactoryInitiator {initiateService} [restartedMain] HHH000026: Second-level cache disabled
2025-01-21 14:53:23,546 INFO o.s.o.j.p.SpringPersistenceUnitInfo {addTransformer} [restartedMain] No LoadTimeWeaver setup: ignoring JPA class transformer
2025-01-21 14:53:23,616 WARN o.h.e.j.d.i.DialectFactoryImpl {constructDialect} [restartedMain] HHH90000025: H2Dialect does not need to be specified explicitly using 'hibernate.dialect' (remove the property setting and it will be selected by default)
2025-01-21 14:53:25,088 INFO o.h.e.t.j.p.i.JtaPlatformInitiator {initiateService} [restartedMain] HHH000489: No JTA platform available (set 'hibernate.transaction.jta.platform' to enable JTA platform integration)
2025-01-21 14:53:25,184 INFO o.s.o.j.AbstractEntityManagerFactoryBean {buildNativeEntityManagerFactory} [restartedMain] Initialized JPA EntityManagerFactory for persistence unit 'default'
2025-01-21 14:53:25,776 INFO o.s.d.j.r.q.QueryEnhancerFactory {<clinit>} [restartedMain] Hibernate is in classpath; If applicable, HQL parser will be used.
2025-01-21 14:53:26,401 WARN o.s.b.a.o.j.JpaBaseConfiguration$JpaWebConfiguration {openEntityManagerInViewInterceptor} [restartedMain] spring.jpa.open-in-view is enabled by default. Therefore, database queries may be performed during view rendering. Explicitly configure spring.jpa.open-in-view to disable this warning
2025-01-21 14:53:26,896 INFO o.s.b.d.a.OptionalLiveReloadServer {startServer} [restartedMain] LiveReload server is running on port 35729
2025-01-21 14:53:26,921 INFO o.a.j.l.DirectJDKLog {log} [restartedMain] Starting ProtocolHandler ["http-nio-0.0.0.0-8080"]
2025-01-21 14:53:26,955 INFO o.s.b.w.e.t.TomcatWebServer {start} [restartedMain] Tomcat started on port 8080 (http) with context path '/'
2025-01-21 14:53:26,971 INFO o.s.b.StartupInfoLogger {logStarted} [restartedMain] Started RestaurantReservationAaApplication in 9.604 seconds (process running for 10.589)
2025-01-21 14:53:29,942 INFO o.a.j.l.DirectJDKLog {log} [http-nio-0.0.0.0-8080-exec-1] Initializing Spring DispatcherServlet 'dispatcherServlet'
2025-01-21 14:53:29,943 INFO o.s.w.s.FrameworkServlet {initServletBean} [http-nio-0.0.0.0-8080-exec-1] Initializing Servlet 'dispatcherServlet'
2025-01-21 14:53:29,947 INFO o.s.w.s.FrameworkServlet {initServletBean} [http-nio-0.0.0.0-8080-exec-1] Completed initialization in 3 ms
2025-01-21 14:54:09,569 ERROR c.e.r.c.CustomerController {handleException} [http-nio-0.0.0.0-8080-exec-8] Method parameter 'dateJoined': Failed to convert value of type 'java.lang.String' to required type 'java.util.Date'; Failed to convert from type [java.lang.String] to type [@org.springframework.web.bind.annotation.RequestParam java.util.Date] for value [null]
org.springframework.web.method.annotation.MethodArgumentTypeMismatchException: Method parameter 'dateJoined': Failed to convert value of type 'java.lang.String' to required type 'java.util.Date'; Failed to convert from type [java.lang.String] to type [@org.springframework.web.bind.annotation.RequestParam java.util.Date] for value [null]
	at org.springframework.web.method.annotation.AbstractNamedValueMethodArgumentResolver.convertIfNecessary(AbstractNamedValueMethodArgumentResolver.java:301)
	at org.springframework.web.method.annotation.AbstractNamedValueMethodArgumentResolver.resolveArgument(AbstractNamedValueMethodArgumentResolver.java:136)
	at org.springframework.web.method.support.HandlerMethodArgumentResolverComposite.resolveArgument(HandlerMethodArgumentResolverComposite.java:122)
	at org.springframework.web.method.support.InvocableHandlerMethod.getMethodArgumentValues(InvocableHandlerMethod.java:224)
	at org.springframework.web.method.support.InvocableHandlerMethod.invokeForRequest(InvocableHandlerMethod.java:178)
	at org.springframework.web.servlet.mvc.method.annotation.ServletInvocableHandlerMethod.invokeAndHandle(ServletInvocableHandlerMethod.java:118)
	at org.springframework.web.servlet.mvc.method.annotation.RequestMappingHandlerAdapter.invokeHandlerMethod(RequestMappingHandlerAdapter.java:926)
	at org.springframework.web.servlet.mvc.method.annotation.RequestMappingHandlerAdapter.handleInternal(RequestMappingHandlerAdapter.java:831)
	at org.springframework.web.servlet.mvc.method.AbstractHandlerMethodAdapter.handle(AbstractHandlerMethodAdapter.java:87)
	at org.springframework.web.servlet.DispatcherServlet.doDispatch(DispatcherServlet.java:1089)
	at org.springframework.web.servlet.DispatcherServlet.doService(DispatcherServlet.java:979)
	at org.springframework.web.servlet.FrameworkServlet.processRequest(FrameworkServlet.java:1014)
	at org.springframework.web.servlet.FrameworkServlet.doGet(FrameworkServlet.java:903)
	at jakarta.servlet.http.HttpServlet.service(HttpServlet.java:564)
	at org.springframework.web.servlet.FrameworkServlet.service(FrameworkServlet.java:885)
	at jakarta.servlet.http.HttpServlet.service(HttpServlet.java:658)
	at org.apache.catalina.core.ApplicationFilterChain.internalDoFilter(ApplicationFilterChain.java:195)
	at org.apache.catalina.core.ApplicationFilterChain.doFilter(ApplicationFilterChain.java:140)
	at org.apache.tomcat.websocket.server.WsFilter.doFilter(WsFilter.java:51)
	at org.apache.catalina.core.ApplicationFilterChain.internalDoFilter(ApplicationFilterChain.java:164)
	at org.apache.catalina.core.ApplicationFilterChain.doFilter(ApplicationFilterChain.java:140)
	at org.springframework.web.filter.RequestContextFilter.doFilterInternal(RequestContextFilter.java:100)
	at org.springframework.web.filter.OncePerRequestFilter.doFilter(OncePerRequestFilter.java:116)
	at org.apache.catalina.core.ApplicationFilterChain.internalDoFilter(ApplicationFilterChain.java:164)
	at org.apache.catalina.core.ApplicationFilterChain.doFilter(ApplicationFilterChain.java:140)
	at org.springframework.web.filter.FormContentFilter.doFilterInternal(FormContentFilter.java:93)
	at org.springframework.web.filter.OncePerRequestFilter.doFilter(OncePerRequestFilter.java:116)
	at org.apache.catalina.core.ApplicationFilterChain.internalDoFilter(ApplicationFilterChain.java:164)
	at org.apache.catalina.core.ApplicationFilterChain.doFilter(ApplicationFilterChain.java:140)
	at org.springframework.web.filter.CharacterEncodingFilter.doFilterInternal(CharacterEncodingFilter.java:201)
	at org.springframework.web.filter.OncePerRequestFilter.doFilter(OncePerRequestFilter.java:116)
	at org.apache.catalina.core.ApplicationFilterChain.internalDoFilter(ApplicationFilterChain.java:164)
	at org.apache.catalina.core.ApplicationFilterChain.doFilter(ApplicationFilterChain.java:140)
	at org.apache.catalina.core.StandardWrapperValve.invoke(StandardWrapperValve.java:167)
	at org.apache.catalina.core.StandardContextValve.invoke(StandardContextValve.java:90)
	at org.apache.catalina.authenticator.AuthenticatorBase.invoke(AuthenticatorBase.java:483)
	at org.apache.catalina.core.StandardHostValve.invoke(StandardHostValve.java:115)
	at org.apache.catalina.valves.ErrorReportValve.invoke(ErrorReportValve.java:93)
	at org.apache.catalina.core.StandardEngineValve.invoke(StandardEngineValve.java:74)
	at org.apache.catalina.connector.CoyoteAdapter.service(CoyoteAdapter.java:344)
	at org.apache.coyote.http11.Http11Processor.service(Http11Processor.java:384)
	at org.apache.coyote.AbstractProcessorLight.process(AbstractProcessorLight.java:63)
	at org.apache.coyote.AbstractProtocol$ConnectionHandler.process(AbstractProtocol.java:905)
	at org.apache.tomcat.util.net.NioEndpoint$SocketProcessor.doRun(NioEndpoint.java:1741)
	at org.apache.tomcat.util.net.SocketProcessorBase.run(SocketProcessorBase.java:52)
	at org.apache.tomcat.util.threads.ThreadPoolExecutor.runWorker(ThreadPoolExecutor.java:1190)
	at org.apache.tomcat.util.threads.ThreadPoolExecutor$Worker.run(ThreadPoolExecutor.java:659)
	at org.apache.tomcat.util.threads.TaskThread$WrappingRunnable.run(TaskThread.java:63)
	at java.base/java.lang.Thread.run(Thread.java:1583)
Caused by: org.springframework.core.convert.ConversionFailedException: Failed to convert from type [java.lang.String] to type [@org.springframework.web.bind.annotation.RequestParam java.util.Date] for value [null]
	at org.springframework.core.convert.support.ObjectToObjectConverter.convert(ObjectToObjectConverter.java:117)
	at org.springframework.core.convert.support.ConversionUtils.invokeConverter(ConversionUtils.java:41)
	at org.springframework.core.convert.support.GenericConversionService.convert(GenericConversionService.java:182)
	at org.springframework.beans.TypeConverterDelegate.convertIfNecessary(TypeConverterDelegate.java:131)
	at org.springframework.beans.TypeConverterSupport.convertIfNecessary(TypeConverterSupport.java:80)
	at org.springframework.beans.TypeConverterSupport.convertIfNecessary(TypeConverterSupport.java:53)
	at org.springframework.validation.DataBinder.convertIfNecessary(DataBinder.java:862)
	at org.springframework.web.method.annotation.AbstractNamedValueMethodArgumentResolver.convertIfNecessary(AbstractNamedValueMethodArgumentResolver.java:293)
	... 48 common frames omitted
Caused by: java.lang.IllegalArgumentException: null
	at java.base/java.util.Date.parse(Date.java:616)
	at java.base/java.util.Date.<init>(Date.java:272)
	at java.base/jdk.internal.reflect.DirectConstructorHandleAccessor.newInstance(DirectConstructorHandleAccessor.java:62)
	at java.base/java.lang.reflect.Constructor.newInstanceWithCaller(Constructor.java:502)
	at java.base/java.lang.reflect.Constructor.newInstance(Constructor.java:486)
	at org.springframework.core.convert.support.ObjectToObjectConverter.convert(ObjectToObjectConverter.java:113)
	... 55 common frames omitted
2025-01-21 14:54:10,104 WARN o.s.w.s.h.AbstractHandlerExceptionResolver {logException} [http-nio-0.0.0.0-8080-exec-8] Resolved [org.springframework.web.method.annotation.MethodArgumentTypeMismatchException: Method parameter 'dateJoined': Failed to convert value of type 'java.lang.String' to required type 'java.util.Date'; Failed to convert from type [java.lang.String] to type [@org.springframework.web.bind.annotation.RequestParam java.util.Date] for value [null]]
2025-01-21 14:56:19,373 INFO o.s.o.j.AbstractEntityManagerFactoryBean {destroy} [SpringApplicationShutdownHook] Closing JPA EntityManagerFactory for persistence unit 'default'
2025-01-21 14:56:19,399 INFO c.z.h.HikariDataSource {close} [SpringApplicationShutdownHook] HikariPool-1 - Shutdown initiated...
2025-01-21 14:56:19,409 INFO c.z.h.HikariDataSource {close} [SpringApplicationShutdownHook] HikariPool-1 - Shutdown completed.
2025-01-21 14:56:40,910 INFO o.s.b.StartupInfoLogger {logStarting} [restartedMain] Starting RestaurantReservationAaApplication using Java 21.0.2 with PID 4635 (/Users/jaimebermejo/IdeaProjects/RestaurantReservationAA/target/classes started by jaimebermejo in /Users/jaimebermejo/IdeaProjects/RestaurantReservationAA)
2025-01-21 14:56:40,914 INFO o.s.b.SpringApplication {logStartupProfileInfo} [restartedMain] No active profile set, falling back to 1 default profile: "default"
2025-01-21 14:56:41,021 INFO o.s.b.l.DeferredLog {logTo} [restartedMain] Devtools property defaults active! Set 'spring.devtools.add-properties' to 'false' to disable
2025-01-21 14:56:41,021 INFO o.s.b.l.DeferredLog {logTo} [restartedMain] For additional web related logging consider setting the 'logging.level.web' property to 'DEBUG'
2025-01-21 14:56:41,937 INFO o.s.d.r.c.RepositoryConfigurationDelegate {registerRepositoriesIn} [restartedMain] Bootstrapping Spring Data JPA repositories in DEFAULT mode.
2025-01-21 14:56:42,049 INFO o.s.d.r.c.RepositoryConfigurationDelegate {registerRepositoriesIn} [restartedMain] Finished Spring Data repository scanning in 102 ms. Found 5 JPA repository interfaces.
2025-01-21 14:56:43,257 INFO o.s.b.w.e.t.TomcatWebServer {initialize} [restartedMain] Tomcat initialized with port 8080 (http)
2025-01-21 14:56:43,306 INFO o.a.j.l.DirectJDKLog {log} [restartedMain] Initializing ProtocolHandler ["http-nio-0.0.0.0-8080"]
2025-01-21 14:56:43,329 INFO o.a.j.l.DirectJDKLog {log} [restartedMain] Starting service [Tomcat]
2025-01-21 14:56:43,332 INFO o.a.j.l.DirectJDKLog {log} [restartedMain] Starting Servlet engine: [Apache Tomcat/10.1.31]
2025-01-21 14:56:43,676 INFO o.a.j.l.DirectJDKLog {log} [restartedMain] Initializing Spring embedded WebApplicationContext
2025-01-21 14:56:43,680 INFO o.s.b.w.s.c.ServletWebServerApplicationContext {prepareWebApplicationContext} [restartedMain] Root WebApplicationContext: initialization completed in 2656 ms
2025-01-21 14:56:43,890 INFO c.z.h.HikariDataSource {getConnection} [restartedMain] HikariPool-1 - Starting...
2025-01-21 14:56:45,115 INFO c.z.h.p.HikariPool {checkFailFast} [restartedMain] HikariPool-1 - Added connection conn0: url=jdbc:h2:file:~/restaurant.db user=SA
2025-01-21 14:56:45,118 INFO c.z.h.HikariDataSource {getConnection} [restartedMain] HikariPool-1 - Start completed.
2025-01-21 14:56:45,144 INFO o.s.b.a.h.H2ConsoleAutoConfiguration {logDataSources} [restartedMain] H2 console available at '/h2-console'. Database available at 'jdbc:h2:file:~/restaurant.db'
2025-01-21 14:56:45,415 INFO o.h.j.i.u.LogHelper {logPersistenceUnitInformation} [restartedMain] HHH000204: Processing PersistenceUnitInfo [name: default]
2025-01-21 14:56:45,513 INFO o.h.Version {logVersion} [restartedMain] HHH000412: Hibernate ORM core version 6.5.3.Final
2025-01-21 14:56:45,575 INFO o.h.c.i.RegionFactoryInitiator {initiateService} [restartedMain] HHH000026: Second-level cache disabled
2025-01-21 14:56:46,122 INFO o.s.o.j.p.SpringPersistenceUnitInfo {addTransformer} [restartedMain] No LoadTimeWeaver setup: ignoring JPA class transformer
2025-01-21 14:56:46,187 WARN o.h.e.j.d.i.DialectFactoryImpl {constructDialect} [restartedMain] HHH90000025: H2Dialect does not need to be specified explicitly using 'hibernate.dialect' (remove the property setting and it will be selected by default)
2025-01-21 14:56:48,824 INFO o.h.e.t.j.p.i.JtaPlatformInitiator {initiateService} [restartedMain] HHH000489: No JTA platform available (set 'hibernate.transaction.jta.platform' to enable JTA platform integration)
2025-01-21 14:56:48,945 INFO o.s.o.j.AbstractEntityManagerFactoryBean {buildNativeEntityManagerFactory} [restartedMain] Initialized JPA EntityManagerFactory for persistence unit 'default'
2025-01-21 14:56:49,469 INFO o.s.d.j.r.q.QueryEnhancerFactory {<clinit>} [restartedMain] Hibernate is in classpath; If applicable, HQL parser will be used.
2025-01-21 14:56:51,161 WARN o.s.b.a.o.j.JpaBaseConfiguration$JpaWebConfiguration {openEntityManagerInViewInterceptor} [restartedMain] spring.jpa.open-in-view is enabled by default. Therefore, database queries may be performed during view rendering. Explicitly configure spring.jpa.open-in-view to disable this warning
2025-01-21 14:56:51,775 INFO o.s.b.d.a.OptionalLiveReloadServer {startServer} [restartedMain] LiveReload server is running on port 35729
2025-01-21 14:56:51,791 INFO o.a.j.l.DirectJDKLog {log} [restartedMain] Starting ProtocolHandler ["http-nio-0.0.0.0-8080"]
2025-01-21 14:56:51,809 INFO o.s.b.w.e.t.TomcatWebServer {start} [restartedMain] Tomcat started on port 8080 (http) with context path '/'
2025-01-21 14:56:51,826 INFO o.s.b.StartupInfoLogger {logStarted} [restartedMain] Started RestaurantReservationAaApplication in 11.842 seconds (process running for 12.488)
2025-01-21 14:57:02,990 INFO o.a.j.l.DirectJDKLog {log} [http-nio-0.0.0.0-8080-exec-1] Initializing Spring DispatcherServlet 'dispatcherServlet'
2025-01-21 14:57:02,990 INFO o.s.w.s.FrameworkServlet {initServletBean} [http-nio-0.0.0.0-8080-exec-1] Initializing Servlet 'dispatcherServlet'
2025-01-21 14:57:02,993 INFO o.s.w.s.FrameworkServlet {initServletBean} [http-nio-0.0.0.0-8080-exec-1] Completed initialization in 2 ms
2025-01-21 14:57:03,111 ERROR c.e.r.c.CustomerController {handleException} [http-nio-0.0.0.0-8080-exec-1] Method parameter 'dateJoined': Failed to convert value of type 'java.lang.String' to required type 'java.util.Date'; Failed to convert from type [java.lang.String] to type [@org.springframework.web.bind.annotation.RequestParam @org.springframework.format.annotation.DateTimeFormat java.util.Date] for value [14-05-2005]
org.springframework.web.method.annotation.MethodArgumentTypeMismatchException: Method parameter 'dateJoined': Failed to convert value of type 'java.lang.String' to required type 'java.util.Date'; Failed to convert from type [java.lang.String] to type [@org.springframework.web.bind.annotation.RequestParam @org.springframework.format.annotation.DateTimeFormat java.util.Date] for value [14-05-2005]
	at org.springframework.web.method.annotation.AbstractNamedValueMethodArgumentResolver.convertIfNecessary(AbstractNamedValueMethodArgumentResolver.java:301)
	at org.springframework.web.method.annotation.AbstractNamedValueMethodArgumentResolver.resolveArgument(AbstractNamedValueMethodArgumentResolver.java:136)
	at org.springframework.web.method.support.HandlerMethodArgumentResolverComposite.resolveArgument(HandlerMethodArgumentResolverComposite.java:122)
	at org.springframework.web.method.support.InvocableHandlerMethod.getMethodArgumentValues(InvocableHandlerMethod.java:224)
	at org.springframework.web.method.support.InvocableHandlerMethod.invokeForRequest(InvocableHandlerMethod.java:178)
	at org.springframework.web.servlet.mvc.method.annotation.ServletInvocableHandlerMethod.invokeAndHandle(ServletInvocableHandlerMethod.java:118)
	at org.springframework.web.servlet.mvc.method.annotation.RequestMappingHandlerAdapter.invokeHandlerMethod(RequestMappingHandlerAdapter.java:926)
	at org.springframework.web.servlet.mvc.method.annotation.RequestMappingHandlerAdapter.handleInternal(RequestMappingHandlerAdapter.java:831)
	at org.springframework.web.servlet.mvc.method.AbstractHandlerMethodAdapter.handle(AbstractHandlerMethodAdapter.java:87)
	at org.springframework.web.servlet.DispatcherServlet.doDispatch(DispatcherServlet.java:1089)
	at org.springframework.web.servlet.DispatcherServlet.doService(DispatcherServlet.java:979)
	at org.springframework.web.servlet.FrameworkServlet.processRequest(FrameworkServlet.java:1014)
	at org.springframework.web.servlet.FrameworkServlet.doGet(FrameworkServlet.java:903)
	at jakarta.servlet.http.HttpServlet.service(HttpServlet.java:564)
	at org.springframework.web.servlet.FrameworkServlet.service(FrameworkServlet.java:885)
	at jakarta.servlet.http.HttpServlet.service(HttpServlet.java:658)
	at org.apache.catalina.core.ApplicationFilterChain.internalDoFilter(ApplicationFilterChain.java:195)
	at org.apache.catalina.core.ApplicationFilterChain.doFilter(ApplicationFilterChain.java:140)
	at org.apache.tomcat.websocket.server.WsFilter.doFilter(WsFilter.java:51)
	at org.apache.catalina.core.ApplicationFilterChain.internalDoFilter(ApplicationFilterChain.java:164)
	at org.apache.catalina.core.ApplicationFilterChain.doFilter(ApplicationFilterChain.java:140)
	at org.springframework.web.filter.RequestContextFilter.doFilterInternal(RequestContextFilter.java:100)
	at org.springframework.web.filter.OncePerRequestFilter.doFilter(OncePerRequestFilter.java:116)
	at org.apache.catalina.core.ApplicationFilterChain.internalDoFilter(ApplicationFilterChain.java:164)
	at org.apache.catalina.core.ApplicationFilterChain.doFilter(ApplicationFilterChain.java:140)
	at org.springframework.web.filter.FormContentFilter.doFilterInternal(FormContentFilter.java:93)
	at org.springframework.web.filter.OncePerRequestFilter.doFilter(OncePerRequestFilter.java:116)
	at org.apache.catalina.core.ApplicationFilterChain.internalDoFilter(ApplicationFilterChain.java:164)
	at org.apache.catalina.core.ApplicationFilterChain.doFilter(ApplicationFilterChain.java:140)
	at org.springframework.web.filter.CharacterEncodingFilter.doFilterInternal(CharacterEncodingFilter.java:201)
	at org.springframework.web.filter.OncePerRequestFilter.doFilter(OncePerRequestFilter.java:116)
	at org.apache.catalina.core.ApplicationFilterChain.internalDoFilter(ApplicationFilterChain.java:164)
	at org.apache.catalina.core.ApplicationFilterChain.doFilter(ApplicationFilterChain.java:140)
	at org.apache.catalina.core.StandardWrapperValve.invoke(StandardWrapperValve.java:167)
	at org.apache.catalina.core.StandardContextValve.invoke(StandardContextValve.java:90)
	at org.apache.catalina.authenticator.AuthenticatorBase.invoke(AuthenticatorBase.java:483)
	at org.apache.catalina.core.StandardHostValve.invoke(StandardHostValve.java:115)
	at org.apache.catalina.valves.ErrorReportValve.invoke(ErrorReportValve.java:93)
	at org.apache.catalina.core.StandardEngineValve.invoke(StandardEngineValve.java:74)
	at org.apache.catalina.connector.CoyoteAdapter.service(CoyoteAdapter.java:344)
	at org.apache.coyote.http11.Http11Processor.service(Http11Processor.java:384)
	at org.apache.coyote.AbstractProcessorLight.process(AbstractProcessorLight.java:63)
	at org.apache.coyote.AbstractProtocol$ConnectionHandler.process(AbstractProtocol.java:905)
	at org.apache.tomcat.util.net.NioEndpoint$SocketProcessor.doRun(NioEndpoint.java:1741)
	at org.apache.tomcat.util.net.SocketProcessorBase.run(SocketProcessorBase.java:52)
	at org.apache.tomcat.util.threads.ThreadPoolExecutor.runWorker(ThreadPoolExecutor.java:1190)
	at org.apache.tomcat.util.threads.ThreadPoolExecutor$Worker.run(ThreadPoolExecutor.java:659)
	at org.apache.tomcat.util.threads.TaskThread$WrappingRunnable.run(TaskThread.java:63)
	at java.base/java.lang.Thread.run(Thread.java:1583)
Caused by: org.springframework.core.convert.ConversionFailedException: Failed to convert from type [java.lang.String] to type [@org.springframework.web.bind.annotation.RequestParam @org.springframework.format.annotation.DateTimeFormat java.util.Date] for value [14-05-2005]
	at org.springframework.core.convert.support.ConversionUtils.invokeConverter(ConversionUtils.java:47)
	at org.springframework.core.convert.support.GenericConversionService.convert(GenericConversionService.java:182)
	at org.springframework.beans.TypeConverterDelegate.convertIfNecessary(TypeConverterDelegate.java:131)
	at org.springframework.beans.TypeConverterSupport.convertIfNecessary(TypeConverterSupport.java:80)
	at org.springframework.beans.TypeConverterSupport.convertIfNecessary(TypeConverterSupport.java:53)
	at org.springframework.validation.DataBinder.convertIfNecessary(DataBinder.java:862)
	at org.springframework.web.method.annotation.AbstractNamedValueMethodArgumentResolver.convertIfNecessary(AbstractNamedValueMethodArgumentResolver.java:293)
	... 48 common frames omitted
Caused by: java.lang.IllegalArgumentException: Parse attempt failed for value [14-05-2005]
	at org.springframework.format.support.FormattingConversionService$ParserConverter.convert(FormattingConversionService.java:223)
	at org.springframework.format.support.FormattingConversionService$AnnotationParserConverter.convert(FormattingConversionService.java:338)
	at org.springframework.core.convert.support.ConversionUtils.invokeConverter(ConversionUtils.java:41)
	... 54 common frames omitted
Caused by: java.text.ParseException: Unable to parse date time value "14-05-2005" using configuration from @org.springframework.format.annotation.DateTimeFormat(pattern="yyyy-MM-dd", style="SS", iso=NONE, fallbackPatterns={})
	at org.springframework.format.datetime.DateFormatter.parse(DateFormatter.java:248)
	at org.springframework.format.datetime.DateFormatter.parse(DateFormatter.java:55)
	at org.springframework.format.support.FormattingConversionService$ParserConverter.convert(FormattingConversionService.java:217)
	... 56 common frames omitted
Caused by: java.text.ParseException: Unparseable date: "14-05-2005"
	at java.base/java.text.DateFormat.parse(DateFormat.java:399)
	at org.springframework.format.datetime.DateFormatter.parse(DateFormatter.java:217)
	... 58 common frames omitted
2025-01-21 14:57:03,644 WARN o.s.w.s.h.AbstractHandlerExceptionResolver {logException} [http-nio-0.0.0.0-8080-exec-1] Resolved [org.springframework.web.method.annotation.MethodArgumentTypeMismatchException: Method parameter 'dateJoined': Failed to convert value of type 'java.lang.String' to required type 'java.util.Date'; Failed to convert from type [java.lang.String] to type [@org.springframework.web.bind.annotation.RequestParam @org.springframework.format.annotation.DateTimeFormat java.util.Date] for value [14-05-2005]]
2025-01-21 14:57:05,245 ERROR c.e.r.c.CustomerController {handleException} [http-nio-0.0.0.0-8080-exec-3] Method parameter 'dateJoined': Failed to convert value of type 'java.lang.String' to required type 'java.util.Date'; Failed to convert from type [java.lang.String] to type [@org.springframework.web.bind.annotation.RequestParam @org.springframework.format.annotation.DateTimeFormat java.util.Date] for value [14-05-2005]
org.springframework.web.method.annotation.MethodArgumentTypeMismatchException: Method parameter 'dateJoined': Failed to convert value of type 'java.lang.String' to required type 'java.util.Date'; Failed to convert from type [java.lang.String] to type [@org.springframework.web.bind.annotation.RequestParam @org.springframework.format.annotation.DateTimeFormat java.util.Date] for value [14-05-2005]
	at org.springframework.web.method.annotation.AbstractNamedValueMethodArgumentResolver.convertIfNecessary(AbstractNamedValueMethodArgumentResolver.java:301)
	at org.springframework.web.method.annotation.AbstractNamedValueMethodArgumentResolver.resolveArgument(AbstractNamedValueMethodArgumentResolver.java:136)
	at org.springframework.web.method.support.HandlerMethodArgumentResolverComposite.resolveArgument(HandlerMethodArgumentResolverComposite.java:122)
	at org.springframework.web.method.support.InvocableHandlerMethod.getMethodArgumentValues(InvocableHandlerMethod.java:224)
	at org.springframework.web.method.support.InvocableHandlerMethod.invokeForRequest(InvocableHandlerMethod.java:178)
	at org.springframework.web.servlet.mvc.method.annotation.ServletInvocableHandlerMethod.invokeAndHandle(ServletInvocableHandlerMethod.java:118)
	at org.springframework.web.servlet.mvc.method.annotation.RequestMappingHandlerAdapter.invokeHandlerMethod(RequestMappingHandlerAdapter.java:926)
	at org.springframework.web.servlet.mvc.method.annotation.RequestMappingHandlerAdapter.handleInternal(RequestMappingHandlerAdapter.java:831)
	at org.springframework.web.servlet.mvc.method.AbstractHandlerMethodAdapter.handle(AbstractHandlerMethodAdapter.java:87)
	at org.springframework.web.servlet.DispatcherServlet.doDispatch(DispatcherServlet.java:1089)
	at org.springframework.web.servlet.DispatcherServlet.doService(DispatcherServlet.java:979)
	at org.springframework.web.servlet.FrameworkServlet.processRequest(FrameworkServlet.java:1014)
	at org.springframework.web.servlet.FrameworkServlet.doGet(FrameworkServlet.java:903)
	at jakarta.servlet.http.HttpServlet.service(HttpServlet.java:564)
	at org.springframework.web.servlet.FrameworkServlet.service(FrameworkServlet.java:885)
	at jakarta.servlet.http.HttpServlet.service(HttpServlet.java:658)
	at org.apache.catalina.core.ApplicationFilterChain.internalDoFilter(ApplicationFilterChain.java:195)
	at org.apache.catalina.core.ApplicationFilterChain.doFilter(ApplicationFilterChain.java:140)
	at org.apache.tomcat.websocket.server.WsFilter.doFilter(WsFilter.java:51)
	at org.apache.catalina.core.ApplicationFilterChain.internalDoFilter(ApplicationFilterChain.java:164)
	at org.apache.catalina.core.ApplicationFilterChain.doFilter(ApplicationFilterChain.java:140)
	at org.springframework.web.filter.RequestContextFilter.doFilterInternal(RequestContextFilter.java:100)
	at org.springframework.web.filter.OncePerRequestFilter.doFilter(OncePerRequestFilter.java:116)
	at org.apache.catalina.core.ApplicationFilterChain.internalDoFilter(ApplicationFilterChain.java:164)
	at org.apache.catalina.core.ApplicationFilterChain.doFilter(ApplicationFilterChain.java:140)
	at org.springframework.web.filter.FormContentFilter.doFilterInternal(FormContentFilter.java:93)
	at org.springframework.web.filter.OncePerRequestFilter.doFilter(OncePerRequestFilter.java:116)
	at org.apache.catalina.core.ApplicationFilterChain.internalDoFilter(ApplicationFilterChain.java:164)
	at org.apache.catalina.core.ApplicationFilterChain.doFilter(ApplicationFilterChain.java:140)
	at org.springframework.web.filter.CharacterEncodingFilter.doFilterInternal(CharacterEncodingFilter.java:201)
	at org.springframework.web.filter.OncePerRequestFilter.doFilter(OncePerRequestFilter.java:116)
	at org.apache.catalina.core.ApplicationFilterChain.internalDoFilter(ApplicationFilterChain.java:164)
	at org.apache.catalina.core.ApplicationFilterChain.doFilter(ApplicationFilterChain.java:140)
	at org.apache.catalina.core.StandardWrapperValve.invoke(StandardWrapperValve.java:167)
	at org.apache.catalina.core.StandardContextValve.invoke(StandardContextValve.java:90)
	at org.apache.catalina.authenticator.AuthenticatorBase.invoke(AuthenticatorBase.java:483)
	at org.apache.catalina.core.StandardHostValve.invoke(StandardHostValve.java:115)
	at org.apache.catalina.valves.ErrorReportValve.invoke(ErrorReportValve.java:93)
	at org.apache.catalina.core.StandardEngineValve.invoke(StandardEngineValve.java:74)
	at org.apache.catalina.connector.CoyoteAdapter.service(CoyoteAdapter.java:344)
	at org.apache.coyote.http11.Http11Processor.service(Http11Processor.java:384)
	at org.apache.coyote.AbstractProcessorLight.process(AbstractProcessorLight.java:63)
	at org.apache.coyote.AbstractProtocol$ConnectionHandler.process(AbstractProtocol.java:905)
	at org.apache.tomcat.util.net.NioEndpoint$SocketProcessor.doRun(NioEndpoint.java:1741)
	at org.apache.tomcat.util.net.SocketProcessorBase.run(SocketProcessorBase.java:52)
	at org.apache.tomcat.util.threads.ThreadPoolExecutor.runWorker(ThreadPoolExecutor.java:1190)
	at org.apache.tomcat.util.threads.ThreadPoolExecutor$Worker.run(ThreadPoolExecutor.java:659)
	at org.apache.tomcat.util.threads.TaskThread$WrappingRunnable.run(TaskThread.java:63)
	at java.base/java.lang.Thread.run(Thread.java:1583)
Caused by: org.springframework.core.convert.ConversionFailedException: Failed to convert from type [java.lang.String] to type [@org.springframework.web.bind.annotation.RequestParam @org.springframework.format.annotation.DateTimeFormat java.util.Date] for value [14-05-2005]
	at org.springframework.core.convert.support.ConversionUtils.invokeConverter(ConversionUtils.java:47)
	at org.springframework.core.convert.support.GenericConversionService.convert(GenericConversionService.java:182)
	at org.springframework.beans.TypeConverterDelegate.convertIfNecessary(TypeConverterDelegate.java:131)
	at org.springframework.beans.TypeConverterSupport.convertIfNecessary(TypeConverterSupport.java:80)
	at org.springframework.beans.TypeConverterSupport.convertIfNecessary(TypeConverterSupport.java:53)
	at org.springframework.validation.DataBinder.convertIfNecessary(DataBinder.java:862)
	at org.springframework.web.method.annotation.AbstractNamedValueMethodArgumentResolver.convertIfNecessary(AbstractNamedValueMethodArgumentResolver.java:293)
	... 48 common frames omitted
Caused by: java.lang.IllegalArgumentException: Parse attempt failed for value [14-05-2005]
	at org.springframework.format.support.FormattingConversionService$ParserConverter.convert(FormattingConversionService.java:223)
	at org.springframework.format.support.FormattingConversionService$AnnotationParserConverter.convert(FormattingConversionService.java:338)
	at org.springframework.core.convert.support.ConversionUtils.invokeConverter(ConversionUtils.java:41)
	... 54 common frames omitted
Caused by: java.text.ParseException: Unable to parse date time value "14-05-2005" using configuration from @org.springframework.format.annotation.DateTimeFormat(pattern="yyyy-MM-dd", style="SS", iso=NONE, fallbackPatterns={})
	at org.springframework.format.datetime.DateFormatter.parse(DateFormatter.java:248)
	at org.springframework.format.datetime.DateFormatter.parse(DateFormatter.java:55)
	at org.springframework.format.support.FormattingConversionService$ParserConverter.convert(FormattingConversionService.java:217)
	... 56 common frames omitted
Caused by: java.text.ParseException: Unparseable date: "14-05-2005"
	at java.base/java.text.DateFormat.parse(DateFormat.java:399)
	at org.springframework.format.datetime.DateFormatter.parse(DateFormatter.java:217)
	... 58 common frames omitted
2025-01-21 14:57:05,338 WARN o.s.w.s.h.AbstractHandlerExceptionResolver {logException} [http-nio-0.0.0.0-8080-exec-3] Resolved [org.springframework.web.method.annotation.MethodArgumentTypeMismatchException: Method parameter 'dateJoined': Failed to convert value of type 'java.lang.String' to required type 'java.util.Date'; Failed to convert from type [java.lang.String] to type [@org.springframework.web.bind.annotation.RequestParam @org.springframework.format.annotation.DateTimeFormat java.util.Date] for value [14-05-2005]]
2025-01-21 14:58:48,642 INFO o.s.o.j.AbstractEntityManagerFactoryBean {destroy} [SpringApplicationShutdownHook] Closing JPA EntityManagerFactory for persistence unit 'default'
2025-01-21 14:58:48,651 INFO c.z.h.HikariDataSource {close} [SpringApplicationShutdownHook] HikariPool-1 - Shutdown initiated...
2025-01-21 14:58:48,653 INFO c.z.h.HikariDataSource {close} [SpringApplicationShutdownHook] HikariPool-1 - Shutdown completed.
