2025-01-08 17:43:39,474 INFO o.s.b.StartupInfoLogger {logStarting} [restartedMain] Starting RestaurantReservationAaApplication using Java 21.0.2 with PID 23419 (/Users/jaimebermejo/IdeaProjects/RestaurantReservationAA/target/classes started by jaimebermejo in /Users/jaimebermejo/IdeaProjects/RestaurantReservationAA)
2025-01-08 17:43:39,482 INFO o.s.b.SpringApplication {logStartupProfileInfo} [restartedMain] No active profile set, falling back to 1 default profile: "default"
2025-01-08 17:43:39,691 INFO o.s.b.l.DeferredLog {logTo} [restartedMain] Devtools property defaults active! Set 'spring.devtools.add-properties' to 'false' to disable
2025-01-08 17:43:39,691 INFO o.s.b.l.DeferredLog {logTo} [restartedMain] For additional web related logging consider setting the 'logging.level.web' property to 'DEBUG'
2025-01-08 17:43:40,911 INFO o.s.d.r.c.RepositoryConfigurationDelegate {registerRepositoriesIn} [restartedMain] Bootstrapping Spring Data JPA repositories in DEFAULT mode.
2025-01-08 17:43:41,117 INFO o.s.d.r.c.RepositoryConfigurationDelegate {registerRepositoriesIn} [restartedMain] Finished Spring Data repository scanning in 156 ms. Found 5 JPA repository interfaces.
2025-01-08 17:43:41,900 INFO o.s.b.w.e.t.TomcatWebServer {initialize} [restartedMain] Tomcat initialized with port 8080 (http)
2025-01-08 17:43:41,931 INFO o.a.j.l.DirectJDKLog {log} [restartedMain] Initializing ProtocolHandler ["http-nio-0.0.0.0-8080"]
2025-01-08 17:43:41,941 INFO o.a.j.l.DirectJDKLog {log} [restartedMain] Starting service [Tomcat]
2025-01-08 17:43:41,942 INFO o.a.j.l.DirectJDKLog {log} [restartedMain] Starting Servlet engine: [Apache Tomcat/10.1.31]
2025-01-08 17:43:42,005 INFO o.a.j.l.DirectJDKLog {log} [restartedMain] Initializing Spring embedded WebApplicationContext
2025-01-08 17:43:42,007 INFO o.s.b.w.s.c.ServletWebServerApplicationContext {prepareWebApplicationContext} [restartedMain] Root WebApplicationContext: initialization completed in 2312 ms
2025-01-08 17:43:42,052 INFO c.z.h.HikariDataSource {getConnection} [restartedMain] HikariPool-1 - Starting...
2025-01-08 17:43:42,427 INFO c.z.h.p.HikariPool {checkFailFast} [restartedMain] HikariPool-1 - Added connection conn0: url=jdbc:h2:file:~/restaurant.db user=SA
2025-01-08 17:43:42,430 INFO c.z.h.HikariDataSource {getConnection} [restartedMain] HikariPool-1 - Start completed.
2025-01-08 17:43:42,448 INFO o.s.b.a.h.H2ConsoleAutoConfiguration {logDataSources} [restartedMain] H2 console available at '/h2-console'. Database available at 'jdbc:h2:file:~/restaurant.db'
2025-01-08 17:43:42,621 INFO o.h.j.i.u.LogHelper {logPersistenceUnitInformation} [restartedMain] HHH000204: Processing PersistenceUnitInfo [name: default]
2025-01-08 17:43:42,720 INFO o.h.Version {logVersion} [restartedMain] HHH000412: Hibernate ORM core version 6.5.3.Final
2025-01-08 17:43:42,813 INFO o.h.c.i.RegionFactoryInitiator {initiateService} [restartedMain] HHH000026: Second-level cache disabled
2025-01-08 17:43:43,299 INFO o.s.o.j.p.SpringPersistenceUnitInfo {addTransformer} [restartedMain] No LoadTimeWeaver setup: ignoring JPA class transformer
2025-01-08 17:43:43,377 WARN o.h.e.j.d.i.DialectFactoryImpl {constructDialect} [restartedMain] HHH90000025: H2Dialect does not need to be specified explicitly using 'hibernate.dialect' (remove the property setting and it will be selected by default)
2025-01-08 17:43:44,809 INFO o.h.e.t.j.p.i.JtaPlatformInitiator {initiateService} [restartedMain] HHH000489: No JTA platform available (set 'hibernate.transaction.jta.platform' to enable JTA platform integration)
2025-01-08 17:43:44,889 INFO o.s.o.j.AbstractEntityManagerFactoryBean {buildNativeEntityManagerFactory} [restartedMain] Initialized JPA EntityManagerFactory for persistence unit 'default'
2025-01-08 17:43:46,402 WARN o.s.b.a.o.j.JpaBaseConfiguration$JpaWebConfiguration {openEntityManagerInViewInterceptor} [restartedMain] spring.jpa.open-in-view is enabled by default. Therefore, database queries may be performed during view rendering. Explicitly configure spring.jpa.open-in-view to disable this warning
2025-01-08 17:43:48,147 INFO o.s.b.d.a.OptionalLiveReloadServer {startServer} [restartedMain] LiveReload server is running on port 35729
2025-01-08 17:43:48,180 INFO o.a.j.l.DirectJDKLog {log} [restartedMain] Starting ProtocolHandler ["http-nio-0.0.0.0-8080"]
2025-01-08 17:43:48,213 INFO o.s.b.w.e.t.TomcatWebServer {start} [restartedMain] Tomcat started on port 8080 (http) with context path '/'
2025-01-08 17:43:48,249 INFO o.s.b.StartupInfoLogger {logStarted} [restartedMain] Started RestaurantReservationAaApplication in 9.848 seconds (process running for 10.737)
2025-01-08 17:45:21,030 INFO o.a.j.l.DirectJDKLog {log} [http-nio-0.0.0.0-8080-exec-2] Initializing Spring DispatcherServlet 'dispatcherServlet'
2025-01-08 17:45:21,033 INFO o.s.w.s.FrameworkServlet {initServletBean} [http-nio-0.0.0.0-8080-exec-2] Initializing Servlet 'dispatcherServlet'
2025-01-08 17:45:21,057 INFO o.s.w.s.FrameworkServlet {initServletBean} [http-nio-0.0.0.0-8080-exec-2] Completed initialization in 23 ms
2025-01-08 17:45:21,215 WARN o.s.w.s.h.AbstractHandlerExceptionResolver {logException} [http-nio-0.0.0.0-8080-exec-2] Resolved [org.springframework.web.method.annotation.MethodArgumentTypeMismatchException: Method parameter 'customerId': Failed to convert value of type 'java.lang.String' to required type 'long'; For input string: "search"]
2025-01-08 18:03:13,850 WARN c.z.h.p.HikariPool$HouseKeeper {run} [HikariPool-1 housekeeper] HikariPool-1 - Thread starvation or clock leap detected (housekeeper delta=2m1s138ms).
2025-01-08 18:34:52,618 WARN c.z.h.p.HikariPool$HouseKeeper {run} [HikariPool-1 housekeeper] HikariPool-1 - Thread starvation or clock leap detected (housekeeper delta=8m38s544ms).
2025-01-08 18:39:38,057 WARN c.z.h.p.HikariPool$HouseKeeper {run} [HikariPool-1 housekeeper] HikariPool-1 - Thread starvation or clock leap detected (housekeeper delta=4m45s439ms).
2025-01-08 18:42:40,481 WARN c.z.h.p.HikariPool$HouseKeeper {run} [HikariPool-1 housekeeper] HikariPool-1 - Thread starvation or clock leap detected (housekeeper delta=2m32s415ms).
2025-01-08 18:53:05,028 WARN c.z.h.p.HikariPool$HouseKeeper {run} [HikariPool-1 housekeeper] HikariPool-1 - Thread starvation or clock leap detected (housekeeper delta=10m24s547ms).
2025-01-08 18:53:21,094 INFO o.s.o.j.AbstractEntityManagerFactoryBean {destroy} [SpringApplicationShutdownHook] Closing JPA EntityManagerFactory for persistence unit 'default'
2025-01-08 18:53:21,126 INFO c.z.h.HikariDataSource {close} [SpringApplicationShutdownHook] HikariPool-1 - Shutdown initiated...
2025-01-08 18:53:21,148 INFO c.z.h.HikariDataSource {close} [SpringApplicationShutdownHook] HikariPool-1 - Shutdown completed.
